<?xml version="1.0" encoding="UTF-8"?>
<robot generator="Robot 6.0.2 (Python 3.7.16 on linux)" generated="20230429 01:06:02.506" rpa="false" schemaversion="3">
<suite id="s1" name="My First" source="/root/workspace/robot/my_first.robot">
<test id="s1-t1" name="My First Robot Test" line="10">
<kw name="Log To Console" library="BuiltIn">
<arg>Hello Robot World!</arg>
<doc>Logs the given message to the console.</doc>
<status status="PASS" starttime="20230429 01:06:02.530" endtime="20230429 01:06:02.530"/>
</kw>
<status status="PASS" starttime="20230429 01:06:02.530" endtime="20230429 01:06:02.530"/>
</test>
<doc>A test suite with a single test Hello World.

This test has a workflow that is created using keywords in
the imported resource file.</doc>
<status status="PASS" starttime="20230429 01:06:02.507" endtime="20230429 01:06:02.531"/>
</suite>
<statistics>
<total>
<stat pass="1" fail="0" skip="0">All Tests</stat>
</total>
<tag>
</tag>
<suite>
<stat pass="1" fail="0" skip="0" id="s1" name="My First">My First</stat>
</suite>
</statistics>
<errors>
<msg timestamp="20230429 01:06:02.527" level="WARN">Imported resource file '/root/workspace/robot/keywords.resource' is empty.</msg>
</errors>
</robot>
